<?xml version="1.0" encoding="UTF-8"?>
<coverage generated="1531971701787" clover="3.2.0">
  <project timestamp="1531971701787" name="All files">
    <metrics statements="38" coveredstatements="28" conditionals="21" coveredconditionals="6" methods="7" coveredmethods="5" elements="66" coveredelements="39" complexity="0" loc="38" ncloc="38" packages="5" files="5" classes="5">
      <package name="bootstrap-react-boilerplate">
        <metrics statements="1" coveredstatements="1" conditionals="0" coveredconditionals="0" methods="0" coveredmethods="0"/>
        <file name="empty-module.js" path="D:\bootstrap-react-boilerplate\empty-module.js">
          <metrics statements="1" coveredstatements="1" conditionals="0" coveredconditionals="0" methods="0" coveredmethods="0"/>
          <line num="1" count="2" type="stmt"/>
        </file>
      </package>
      <package name="bootstrap-react-boilerplate.src">
        <metrics statements="3" coveredstatements="3" conditionals="0" coveredconditionals="0" methods="0" coveredmethods="0"/>
        <file name="setupEnzyme.ts" path="D:\bootstrap-react-boilerplate\src\setupEnzyme.ts">
          <metrics statements="3" coveredstatements="3" conditionals="0" coveredconditionals="0" methods="0" coveredmethods="0"/>
          <line num="1" count="2" type="stmt"/>
          <line num="2" count="2" type="stmt"/>
          <line num="4" count="2" type="stmt"/>
        </file>
      </package>
      <package name="bootstrap-react-boilerplate.src.js.classes">
        <metrics statements="9" coveredstatements="8" conditionals="5" coveredconditionals="4" methods="2" coveredmethods="2"/>
        <file name="utilities.ts" path="D:\bootstrap-react-boilerplate\src\js\classes\utilities.ts">
          <metrics statements="9" coveredstatements="8" conditionals="5" coveredconditionals="4" methods="2" coveredmethods="2"/>
          <line num="5" count="1" type="stmt"/>
          <line num="11" count="1" type="stmt"/>
          <line num="13" count="1" type="stmt"/>
          <line num="15" count="1" type="cond" truecount="4" falsecount="1"/>
          <line num="19" count="1" type="stmt"/>
          <line num="29" count="0" type="stmt"/>
          <line num="32" count="1" type="stmt"/>
          <line num="34" count="1" type="stmt"/>
          <line num="36" count="1" type="stmt"/>
        </file>
      </package>
      <package name="bootstrap-react-boilerplate.src.js.components.header">
        <metrics statements="9" coveredstatements="9" conditionals="4" coveredconditionals="2" methods="2" coveredmethods="2"/>
        <file name="header.tsx" path="D:\bootstrap-react-boilerplate\src\js\components\header\header.tsx">
          <metrics statements="9" coveredstatements="9" conditionals="4" coveredconditionals="2" methods="2" coveredmethods="2"/>
          <line num="1" count="1" type="stmt"/>
          <line num="2" count="1" type="stmt"/>
          <line num="4" count="1" type="stmt"/>
          <line num="6" count="1" type="stmt"/>
          <line num="14" count="1" type="stmt"/>
          <line num="16" count="1" type="stmt"/>
          <line num="17" count="2" type="stmt"/>
          <line num="31" count="1" type="stmt"/>
          <line num="33" count="1" type="stmt"/>
        </file>
      </package>
      <package name="bootstrap-react-boilerplate.src.js.components.nav">
        <metrics statements="16" coveredstatements="7" conditionals="12" coveredconditionals="0" methods="3" coveredmethods="1"/>
        <file name="nav.tsx" path="D:\bootstrap-react-boilerplate\src\js\components\nav\nav.tsx">
          <metrics statements="16" coveredstatements="7" conditionals="12" coveredconditionals="0" methods="3" coveredmethods="1"/>
          <line num="1" count="1" type="stmt"/>
          <line num="3" count="1" type="stmt"/>
          <line num="6" count="1" type="stmt"/>
          <line num="16" count="1" type="stmt"/>
          <line num="18" count="1" type="stmt"/>
          <line num="19" count="0" type="stmt"/>
          <line num="21" count="0" type="stmt"/>
          <line num="25" count="0" type="stmt"/>
          <line num="26" count="0" type="stmt"/>
          <line num="28" count="0" type="cond" truecount="0" falsecount="2"/>
          <line num="30" count="0" type="stmt"/>
          <line num="34" count="0" type="cond" truecount="0" falsecount="4"/>
          <line num="39" count="0" type="stmt"/>
          <line num="43" count="0" type="stmt"/>
          <line num="48" count="1" type="stmt"/>
          <line num="50" count="1" type="stmt"/>
        </file>
      </package>
    </metrics>
  </project>
</coverage>
