{"D:\\bootstrap-react-boilerplate\\empty-module.js": {"path":"D:\\bootstrap-react-boilerplate\\empty-module.js","statementMap":{"0":{"start":{"line":1,"column":0},"end":{"line":1,"column":20}}},"fnMap":{},"branchMap":{},"s":{"0":2},"f":{},"b":{},"_coverageSchema":"332fd63041d2c1bcb487cc26dd0d5f7d97098a6c","hash":"a403fa4b7c7f03a3ce3f62fb649d89b223571e9e"}
,"D:\\bootstrap-react-boilerplate\\src\\setupEnzyme.ts": {"path":"D:\\bootstrap-react-boilerplate\\src\\setupEnzyme.ts","statementMap":{"0":{"start":{"line":1,"column":0},"end":{"line":1,"column":34}},"1":{"start":{"line":2,"column":0},"end":{"line":2,"column":44}},"2":{"start":{"line":4,"column":0},"end":{"line":4,"column":37}}},"fnMap":{},"branchMap":{},"s":{"0":2,"1":2,"2":2},"f":{},"b":{}}
,"D:\\bootstrap-react-boilerplate\\src\\js\\classes\\utilities.ts": {"path":"D:\\bootstrap-react-boilerplate\\src\\js\\classes\\utilities.ts","statementMap":{"0":{"start":{"line":5,"column":0},"end":{"line":34,"column":0}},"1":{"start":{"line":11,"column":9},"end":{"line":33,"column":5}},"2":{"start":{"line":13,"column":24},"end":{"line":13,"column":26}},"3":{"start":{"line":15,"column":4},"end":{"line":30,"column":7}},"4":{"start":{"line":19,"column":8},"end":{"line":25,"column":10}},"5":{"start":{"line":29,"column":8},"end":{"line":29,"column":98}},"6":{"start":{"line":32,"column":6},"end":{"line":32,"column":20}},"7":{"start":{"line":34,"column":0},"end":{"line":34,"column":1}},"8":{"start":{"line":36,"column":0},"end":{"line":36,"column":25}}},"fnMap":{"0":{"name":"(anonymous_0)","decl":{"start":{"line":5,"column":0},"end":{"line":null,"column":-1}},"loc":{"start":{"line":5,"column":0},"end":{"line":5,"column":-1}}},"1":{"name":"(anonymous_2)","decl":{"start":{"line":11,"column":2},"end":{"line":11,"column":17}},"loc":{"start":{"line":11,"column":33},"end":{"line":33,"column":5}}}},"branchMap":{"0":{"loc":{"start":{"line":15,"column":4},"end":{"line":30,"column":7}},"type":"if","locations":[{"start":{"line":15,"column":4},"end":{"line":30,"column":7}},{"start":{"line":15,"column":4},"end":{"line":30,"column":7}}]},"1":{"loc":{"start":{"line":15,"column":7},"end":{"line":15,"column":21}},"type":"binary-expr","locations":[{"start":{"line":15,"column":7},"end":{"line":15,"column":21}},{"start":{"line":16,"column":9},"end":{"line":16,"column":28}},{"start":{"line":17,"column":9},"end":{"line":17,"column":39}}]}},"s":{"0":1,"1":1,"2":1,"3":1,"4":1,"5":0,"6":1,"7":1,"8":1},"f":{"0":1,"1":1},"b":{"0":[1,0],"1":[1,1,1]}}
,"D:\\bootstrap-react-boilerplate\\src\\js\\components\\header\\header.tsx": {"path":"D:\\bootstrap-react-boilerplate\\src\\js\\components\\header\\header.tsx","statementMap":{"0":{"start":{"line":1,"column":0},"end":{"line":1,"column":29}},"1":{"start":{"line":2,"column":0},"end":{"line":2,"column":38}},"2":{"start":{"line":4,"column":0},"end":{"line":4,"column":27}},"3":{"start":{"line":6,"column":0},"end":{"line":6,"column":22}},"4":{"start":{"line":14,"column":0},"end":{"line":14,"column":36}},"5":{"start":{"line":14,"column":21},"end":{"line":14,"column":49}},"6":{"start":{"line":16,"column":2},"end":{"line":30,"column":3}},"7":{"start":{"line":17,"column":4},"end":{"line":29,"column":5}},"8":{"start":{"line":31,"column":0},"end":{"line":31,"column":1}},"9":{"start":{"line":33,"column":0},"end":{"line":33,"column":21}}},"fnMap":{"0":{"name":"(anonymous_7)","decl":{"start":{"line":14,"column":0},"end":{"line":null,"column":-1}},"loc":{"start":{"line":14,"column":0},"end":{"line":14,"column":-1}}},"1":{"name":"(anonymous_9)","decl":{"start":{"line":16,"column":2},"end":{"line":null,"column":-1}},"loc":{"start":{"line":16,"column":2},"end":{"line":30,"column":3}}}},"branchMap":{"0":{"loc":{"start":{"line":18,"column":74},"end":{"line":18,"column":113}},"type":"cond-expr","locations":[{"start":{"line":18,"column":74},"end":{"line":18,"column":113}},{"start":{"line":18,"column":116},"end":{"line":18,"column":118}}]},"1":{"loc":{"start":{"line":27,"column":62},"end":{"line":27,"column":82}},"type":"cond-expr","locations":[{"start":{"line":27,"column":62},"end":{"line":27,"column":82}},{"start":{"line":27,"column":85},"end":{"line":27,"column":87}}]}},"s":{"0":1,"1":1,"2":1,"3":1,"4":1,"5":1,"6":1,"7":2,"8":1,"9":1},"f":{"0":3,"1":2},"b":{"0":[0,2],"1":[0,2]}}
,"D:\\bootstrap-react-boilerplate\\src\\js\\components\\nav\\nav.tsx": {"path":"D:\\bootstrap-react-boilerplate\\src\\js\\components\\nav\\nav.tsx","statementMap":{"0":{"start":{"line":1,"column":0},"end":{"line":1,"column":29}},"1":{"start":{"line":3,"column":0},"end":{"line":3,"column":53}},"2":{"start":{"line":6,"column":0},"end":{"line":6,"column":19}},"3":{"start":{"line":16,"column":0},"end":{"line":16,"column":33}},"4":{"start":{"line":16,"column":18},"end":{"line":16,"column":46}},"5":{"start":{"line":18,"column":2},"end":{"line":47,"column":3}},"6":{"start":{"line":18,"column":2},"end":{"line":47,"column":2}},"7":{"start":{"line":19,"column":10},"end":{"line":19,"column":51}},"8":{"start":{"line":19,"column":12},"end":{"line":19,"column":17}},"9":{"start":{"line":19,"column":19},"end":{"line":19,"column":27}},"10":{"start":{"line":19,"column":29},"end":{"line":19,"column":36}},"11":{"start":{"line":21,"column":4},"end":{"line":46,"column":5}},"12":{"start":{"line":25,"column":43},"end":{"line":25,"column":45}},"13":{"start":{"line":26,"column":10},"end":{"line":41,"column":11}},"14":{"start":{"line":28,"column":12},"end":{"line":40,"column":13}},"15":{"start":{"line":30,"column":23},"end":{"line":30,"column":35}},"16":{"start":{"line":34,"column":14},"end":{"line":37,"column":64}},"17":{"start":{"line":39,"column":14},"end":{"line":39,"column":33}},"18":{"start":{"line":43,"column":10},"end":{"line":43,"column":24}},"19":{"start":{"line":48,"column":0},"end":{"line":48,"column":1}},"20":{"start":{"line":50,"column":0},"end":{"line":50,"column":30}}},"fnMap":{"0":{"name":"(anonymous_6)","decl":{"start":{"line":16,"column":0},"end":{"line":null,"column":-1}},"loc":{"start":{"line":16,"column":0},"end":{"line":16,"column":-1}}},"1":{"name":"(anonymous_8)","decl":{"start":{"line":18,"column":2},"end":{"line":null,"column":-1}},"loc":{"start":{"line":18,"column":2},"end":{"line":47,"column":3}}},"2":{"name":"(anonymous_9)","decl":{"start":{"line":23,"column":10},"end":{"line":null,"column":-1}},"loc":{"start":{"line":23,"column":10},"end":{"line":44,"column":9}}}},"branchMap":{"0":{"loc":{"start":{"line":22,"column":68},"end":{"line":22,"column":104}},"type":"cond-expr","locations":[{"start":{"line":22,"column":68},"end":{"line":22,"column":104}},{"start":{"line":22,"column":107},"end":{"line":22,"column":109}}]},"1":{"loc":{"start":{"line":28,"column":12},"end":{"line":40,"column":13}},"type":"if","locations":[{"start":{"line":28,"column":12},"end":{"line":40,"column":13}},{"start":{"line":28,"column":12},"end":{"line":40,"column":13}}]},"2":{"loc":{"start":{"line":34,"column":128},"end":{"line":34,"column":148}},"type":"cond-expr","locations":[{"start":{"line":34,"column":128},"end":{"line":34,"column":148}},{"start":{"line":34,"column":151},"end":{"line":34,"column":153}}]},"3":{"loc":{"start":{"line":34,"column":57},"end":{"line":34,"column":73}},"type":"binary-expr","locations":[{"start":{"line":34,"column":57},"end":{"line":34,"column":73}},{"start":{"line":34,"column":77},"end":{"line":34,"column":125}}]},"4":{"loc":{"start":{"line":36,"column":123},"end":{"line":36,"column":129}},"type":"cond-expr","locations":[{"start":{"line":36,"column":123},"end":{"line":36,"column":129}},{"start":{"line":36,"column":132},"end":{"line":36,"column":136}}]},"5":{"loc":{"start":{"line":36,"column":52},"end":{"line":36,"column":68}},"type":"binary-expr","locations":[{"start":{"line":36,"column":52},"end":{"line":36,"column":68}},{"start":{"line":36,"column":72},"end":{"line":36,"column":120}}]}},"s":{"0":1,"1":1,"2":1,"3":1,"4":1,"5":1,"6":0,"7":0,"8":0,"9":0,"10":0,"11":0,"12":0,"13":0,"14":0,"15":0,"16":0,"17":0,"18":0,"19":1,"20":1},"f":{"0":1,"1":0,"2":0},"b":{"0":[0,0],"1":[0,0],"2":[0,0],"3":[0,0],"4":[0,0],"5":[0,0]}}
}
