TN:
SF:D:\bootstrap-react-boilerplate\empty-module.js
FNF:0
FNH:0
DA:1,2
LF:1
LH:1
BRF:0
BRH:0
end_of_record
TN:
SF:D:\bootstrap-react-boilerplate\src\setupEnzyme.ts
FNF:0
FNH:0
DA:1,2
DA:2,2
DA:4,2
LF:3
LH:3
BRF:0
BRH:0
end_of_record
TN:
SF:D:\bootstrap-react-boilerplate\src\js\classes\utilities.ts
FN:5,(anonymous_0)
FN:11,(anonymous_2)
FNF:2
FNH:2
FNDA:1,(anonymous_0)
FNDA:1,(anonymous_2)
DA:5,1
DA:11,1
DA:13,1
DA:15,1
DA:19,1
DA:29,0
DA:32,1
DA:34,1
DA:36,1
LF:9
LH:8
BRDA:15,0,0,1
BRDA:15,0,1,0
BRDA:15,1,0,1
BRDA:15,1,1,1
BRDA:15,1,2,1
BRF:5
BRH:4
end_of_record
TN:
SF:D:\bootstrap-react-boilerplate\src\js\components\header\header.tsx
FN:14,(anonymous_7)
FN:16,(anonymous_9)
FNF:2
FNH:2
FNDA:3,(anonymous_7)
FNDA:2,(anonymous_9)
DA:1,1
DA:2,1
DA:4,1
DA:6,1
DA:14,1
DA:16,1
DA:17,2
DA:31,1
DA:33,1
LF:9
LH:9
BRDA:18,0,0,0
BRDA:18,0,1,2
BRDA:27,1,0,0
BRDA:27,1,1,2
BRF:4
BRH:2
end_of_record
TN:
SF:D:\bootstrap-react-boilerplate\src\js\components\nav\nav.tsx
FN:16,(anonymous_6)
FN:18,(anonymous_8)
FN:23,(anonymous_9)
FNF:3
FNH:1
FNDA:1,(anonymous_6)
FNDA:0,(anonymous_8)
FNDA:0,(anonymous_9)
DA:1,1
DA:3,1
DA:6,1
DA:16,1
DA:18,1
DA:19,0
DA:21,0
DA:25,0
DA:26,0
DA:28,0
DA:30,0
DA:34,0
DA:39,0
DA:43,0
DA:48,1
DA:50,1
LF:16
LH:7
BRDA:22,0,0,0
BRDA:22,0,1,0
BRDA:28,1,0,0
BRDA:28,1,1,0
BRDA:34,2,0,0
BRDA:34,2,1,0
BRDA:34,3,0,0
BRDA:34,3,1,0
BRDA:36,4,0,0
BRDA:36,4,1,0
BRDA:36,5,0,0
BRDA:36,5,1,0
BRF:12
BRH:0
end_of_record
